<?xml version="1.0" encoding="UTF-8" ?>
<testsuite tests="0" failures="0" name="org.mve.Test" time="0" errors="0" skipped="0">
  <properties>
    <property name="java.runtime.name" value="Java(TM) SE Runtime Environment"/>
    <property name="sun.boot.library.path" value="C:\Program Files\Common Files\Environment\jdk-1.8u201\jre\bin"/>
    <property name="java.vm.version" value="25.201-b09"/>
    <property name="java.vm.vendor" value="Oracle Corporation"/>
    <property name="maven.multiModuleProjectDirectory" value="W:\Workspace\Intellij_IDEA\project\Java\ReflectionFX"/>
    <property name="java.vendor.url" value="http://java.oracle.com/"/>
    <property name="path.separator" value=";"/>
    <property name="guice.disable.misplaced.annotation.check" value="true"/>
    <property name="java.vm.name" value="Java HotSpot(TM) 64-Bit Server VM"/>
    <property name="file.encoding.pkg" value="sun.io"/>
    <property name="user.script" value=""/>
    <property name="user.country" value="CN"/>
    <property name="sun.java.launcher" value="SUN_STANDARD"/>
    <property name="sun.os.patch.level" value=""/>
    <property name="java.vm.specification.name" value="Java Virtual Machine Specification"/>
    <property name="user.dir" value="W:\Workspace\Intellij_IDEA\project\Java\ReflectionFX"/>
    <property name="java.runtime.version" value="1.8.0_201-b09"/>
    <property name="java.awt.graphicsenv" value="sun.awt.Win32GraphicsEnvironment"/>
    <property name="java.endorsed.dirs" value="C:\Program Files\Common Files\Environment\jdk-1.8u201\jre\lib\endorsed"/>
    <property name="os.arch" value="amd64"/>
    <property name="java.io.tmpdir" value="G:\Users\AppData\Local\Temp\"/>
    <property name="line.separator" value="
"/>
    <property name="java.vm.specification.vendor" value="Oracle Corporation"/>
    <property name="user.variant" value=""/>
    <property name="os.name" value="Windows 10"/>
    <property name="maven.ext.class.path" value="G:\Program Files\JetBrains\IntelliJ IDEA\plugins\maven\lib\maven-event-listener.jar"/>
    <property name="classworlds.conf" value="G:\Program Files\JetBrains\IntelliJ IDEA\plugins\maven\lib\maven3\bin\m2.conf"/>
    <property name="sun.jnu.encoding" value="GBK"/>
    <property name="java.library.path" value="C:\Program Files\Common Files\Environment\jdk-1.8u201\bin;C:\Windows\Sun\Java\bin;C:\Windows\system32;C:\Windows;C:\Windows\system32;C:\Windows;C:\Windows\System32\Wbem;C:\Windows\System32\WindowsPowerShell\v1.0\;C:\Windows\System32\OpenSSH\;C:\Program Files\Common Files\Environment\jdk-1.8u201\bin;C:\Program Files\Common Files\Environment\NodeJS;C:\Program Files\Common Files\Environment\Python38-32;W:\Workspace\Environment\Kotlin\kotlinc\bin;W:\Workspace\lib\C C++\mingw64\bin;G:\Program Files\phpstudy_pro\Extensions\php\php7.3.4nts;C:\Program Files (x86)\NVIDIA Corporation\PhysX\Common;G:\Users\AppData\Roaming\npm;F:\Microsoft Visual Studio\2019\Professional\VC\Tools\MSVC\14.24.28314\bin\Hostx64\x64;G:\Program Files (x86)\Windows Kits\10\Include\10.0.18362.0\ucrt;G:\Program Files (x86)\Windows Kits\10\Include\10.0.18362.0\um;G:\Program Files (x86)\Windows Kits\10\Include\10.0.18362.0\winrt;G:\Program Files (x86)\Windows Kits\10\Include\10.0.18362.0\shared;F:\Microsoft Visual Studio\2019\Professional\VC\Tools\MSVC\14.24.28314\include;G:\Program Files\dotnet\;G:\Program Files (x86)\Git\cmd;F:\Microsoft Visual Studio\2019\Professional\Common7\IDE\CommonExtensions\Microsoft\CMake\CMake\bin;G:\Program Files\UltraEdit;C:\Windows\Microsoft.NET\Framework64\v4.0.30319;C:\Program Files\Common Files\Environment\Go\bin;C:\Program Files\Common Files\Environment\Python\Scripts\;C:\Program Files\Common Files\Environment\Python\;G:\Users\AppData\Local\Microsoft\WindowsApps;G:\Program Files\Bandizip\;G:\Program Files\Microsoft VS Code\bin;G:\Program Files\JetBrains\IntelliJ IDEA\bin;;G:\Program Files\JetBrains\IntelliJ IDEA Community\bin;C:\Users\33900\.dotnet\tools;."/>
    <property name="maven.conf" value="G:\Program Files\JetBrains\IntelliJ IDEA\plugins\maven\lib\maven3/conf"/>
    <property name="java.specification.name" value="Java Platform API Specification"/>
    <property name="java.class.version" value="52.0"/>
    <property name="sun.management.compiler" value="HotSpot 64-Bit Tiered Compilers"/>
    <property name="maven.repo.local" value="W:\Workspace\Intellij_IDEA\lib\Maven\repository"/>
    <property name="os.version" value="10.0"/>
    <property name="idea.version2019.3.3" value="true"/>
    <property name="user.home" value="C:\Users\33900"/>
    <property name="user.timezone" value="Asia/Shanghai"/>
    <property name="java.awt.printerjob" value="sun.awt.windows.WPrinterJob"/>
    <property name="java.specification.version" value="1.8"/>
    <property name="file.encoding" value="UTF-8"/>
    <property name="user.name" value="33900"/>
    <property name="java.class.path" value="G:\Program Files\JetBrains\IntelliJ IDEA\plugins\maven\lib\maven3\boot\plexus-classworlds-2.6.0.jar;G:\Program Files\JetBrains\IntelliJ IDEA\lib\idea_rt.jar"/>
    <property name="java.vm.specification.version" value="1.8"/>
    <property name="sun.arch.data.model" value="64"/>
    <property name="java.home" value="C:\Program Files\Common Files\Environment\jdk-1.8u201\jre"/>
    <property name="sun.java.command" value="org.codehaus.classworlds.Launcher -Didea.version2019.3.3 -s W:\Workspace\Intellij_IDEA\lib\Maven\settings.xml -Dmaven.repo.local=W:\Workspace\Intellij_IDEA\lib\Maven\repository package"/>
    <property name="java.specification.vendor" value="Oracle Corporation"/>
    <property name="user.language" value="zh"/>
    <property name="awt.toolkit" value="sun.awt.windows.WToolkit"/>
    <property name="java.vm.info" value="mixed mode"/>
    <property name="java.version" value="1.8.0_201"/>
    <property name="java.ext.dirs" value="C:\Program Files\Common Files\Environment\jdk-1.8u201\jre\lib\ext;C:\Windows\Sun\Java\lib\ext"/>
    <property name="sun.boot.class.path" value="C:\Program Files\Common Files\Environment\jdk-1.8u201\jre\lib\resources.jar;C:\Program Files\Common Files\Environment\jdk-1.8u201\jre\lib\rt.jar;C:\Program Files\Common Files\Environment\jdk-1.8u201\jre\lib\sunrsasign.jar;C:\Program Files\Common Files\Environment\jdk-1.8u201\jre\lib\jsse.jar;C:\Program Files\Common Files\Environment\jdk-1.8u201\jre\lib\jce.jar;C:\Program Files\Common Files\Environment\jdk-1.8u201\jre\lib\charsets.jar;C:\Program Files\Common Files\Environment\jdk-1.8u201\jre\lib\jfr.jar;C:\Program Files\Common Files\Environment\jdk-1.8u201\jre\classes"/>
    <property name="java.vendor" value="Oracle Corporation"/>
    <property name="maven.home" value="G:\Program Files\JetBrains\IntelliJ IDEA\plugins\maven\lib\maven3"/>
    <property name="file.separator" value="\"/>
    <property name="java.vendor.url.bug" value="http://bugreport.sun.com/bugreport/"/>
    <property name="sun.cpu.endian" value="little"/>
    <property name="sun.io.unicode.encoding" value="UnicodeLittle"/>
    <property name="sun.desktop" value="windows"/>
    <property name="sun.cpu.isalist" value="amd64"/>
  </properties>
</testsuite>